/usr/local/rvm/gems/ruby-2.3.1/gems/google-api-client-0.21.2/lib/google/apis/core/http_command.rb:218:in `check_status': storageQuotaExceeded: The user's Drive storage quota has been exceeded. (Google::Apis::ClientError)
	from /usr/local/rvm/gems/ruby-2.3.1/gems/google-api-client-0.21.2/lib/google/apis/core/api_command.rb:116:in `check_status'
	from /usr/local/rvm/gems/ruby-2.3.1/gems/google-api-client-0.21.2/lib/google/apis/core/http_command.rb:183:in `process_response'
	from /usr/local/rvm/gems/ruby-2.3.1/gems/google-api-client-0.21.2/lib/google/apis/core/upload.rb:170:in `process_response'
	from /usr/local/rvm/gems/ruby-2.3.1/gems/google-api-client-0.21.2/lib/google/apis/core/upload.rb:246:in `execute_once'
	from /usr/local/rvm/gems/ruby-2.3.1/gems/google-api-client-0.21.2/lib/google/apis/core/http_command.rb:104:in `block (2 levels) in execute'
	from /usr/local/rvm/gems/ruby-2.3.1/gems/retriable-3.1.2/lib/retriable.rb:61:in `block in retriable'
	from /usr/local/rvm/gems/ruby-2.3.1/gems/retriable-3.1.2/lib/retriable.rb:56:in `times'
	from /usr/local/rvm/gems/ruby-2.3.1/gems/retriable-3.1.2/lib/retriable.rb:56:in `retriable'
	from /usr/local/rvm/gems/ruby-2.3.1/gems/google-api-client-0.21.2/lib/google/apis/core/http_command.rb:101:in `block in execute'
	from /usr/local/rvm/gems/ruby-2.3.1/gems/retriable-3.1.2/lib/retriable.rb:61:in `block in retriable'
	from /usr/local/rvm/gems/ruby-2.3.1/gems/retriable-3.1.2/lib/retriable.rb:56:in `times'
	from /usr/local/rvm/gems/ruby-2.3.1/gems/retriable-3.1.2/lib/retriable.rb:56:in `retriable'
	from /usr/local/rvm/gems/ruby-2.3.1/gems/google-api-client-0.21.2/lib/google/apis/core/http_command.rb:93:in `execute'
	from /usr/local/rvm/gems/ruby-2.3.1/gems/google-api-client-0.21.2/lib/google/apis/core/base_service.rb:360:in `execute_or_queue_command'
	from /usr/local/rvm/gems/ruby-2.3.1/gems/google-api-client-0.21.2/generated/google/apis/drive_v3/service.rb:601:in `create_file'
	from /usr/local/rvm/gems/ruby-2.3.1/gems/google_drive-2.1.11/lib/google_drive/session.rb:617:in `upload_from_source'
	from /usr/local/rvm/gems/ruby-2.3.1/gems/google_drive-2.1.11/lib/google_drive/session.rb:504:in `upload_from_file'
	from /usr/local/rvm/gems/ruby-2.3.1/gems/google_drive-2.1.11/lib/google_drive/collection.rb:100:in `upload_from_file'
	from /home/hkerp/hkerp/app/models/system.rb:184:in `upload_backup_to_google_drive'
	from /home/hkerp/hkerp/cron_google_drive_upload.rb:8:in `<main>'
Uploading... /home/hkerp/hkerp/../backup/2019_10_11_013006_hkerp_production_db_source.zip
